[debug] [2025-07-15T00:09:37.322Z] ----------------------------------------------------------------------
[debug] [2025-07-15T00:09:37.326Z] Command:       /nix/store/rbdrkcs5kkwpalxcd7c6bnm33lk2955n-nodejs-20.19.0/bin/node /home/user/.global_modules/bin/firebase init hosting
[debug] [2025-07-15T00:09:37.326Z] CLI Version:   14.8.0
[debug] [2025-07-15T00:09:37.327Z] Platform:      linux
[debug] [2025-07-15T00:09:37.327Z] Node Version:  v20.19.0
[debug] [2025-07-15T00:09:37.327Z] Time:          Tue Jul 15 2025 00:09:37 GMT+0000 (Coordinated Universal Time)
[debug] [2025-07-15T00:09:37.327Z] ----------------------------------------------------------------------
[debug] 
[debug] [2025-07-15T00:09:37.818Z] > command requires scopes: ["email","openid","https://www.googleapis.com/auth/cloudplatformprojects.readonly","https://www.googleapis.com/auth/firebase","https://www.googleapis.com/auth/cloud-platform"]
[debug] [2025-07-15T00:09:37.819Z] > authorizing via signed-in user (joaovictorgpawlowicz@gmail.com)
[info] 
     ######## #### ########  ######## ########     ###     ######  ########
     ##        ##  ##     ## ##       ##     ##  ##   ##  ##       ##
     ######    ##  ########  ######   ########  #########  ######  ######
     ##        ##  ##    ##  ##       ##     ## ##     ##       ## ##
     ##       #### ##     ## ######## ########  ##     ##  ######  ########

You're about to initialize a Firebase project in this directory:

  /home/user/studio

Before we get started, keep in mind:

  * You are initializing within an existing Firebase project directory

[info] 
=== Project Setup
[info] 
[info] First, let's associate this project directory with a Firebase project.
[info] You can create multiple project aliases by running firebase use --add, 
[info] but for now we'll just set up a default project.
[info] 
[debug] [2025-07-15T00:09:37.825Z] Using project from CLI flag: clinicflow-5e4g7
[debug] [2025-07-15T00:09:37.827Z] Checked if tokens are valid: false, expires at: 1751575865298
[debug] [2025-07-15T00:09:37.827Z] Checked if tokens are valid: false, expires at: 1751575865298
[debug] [2025-07-15T00:09:37.830Z] > refreshing access token with scopes: []
[debug] [2025-07-15T00:09:37.835Z] >>> [apiv2][query] POST https://www.googleapis.com/oauth2/v3/token [none]
[debug] [2025-07-15T00:09:37.838Z] >>> [apiv2][body] POST https://www.googleapis.com/oauth2/v3/token [omitted]
[debug] [2025-07-15T00:09:37.967Z] <<< [apiv2][status] POST https://www.googleapis.com/oauth2/v3/token 200
[debug] [2025-07-15T00:09:37.968Z] <<< [apiv2][body] POST https://www.googleapis.com/oauth2/v3/token [omitted]
[debug] [2025-07-15T00:09:37.984Z] >>> [apiv2][query] GET https://firebase.googleapis.com/v1beta1/projects/clinicflow-5e4g7 [none]
[debug] [2025-07-15T00:09:38.240Z] <<< [apiv2][status] GET https://firebase.googleapis.com/v1beta1/projects/clinicflow-5e4g7 200
[debug] [2025-07-15T00:09:38.241Z] <<< [apiv2][body] GET https://firebase.googleapis.com/v1beta1/projects/clinicflow-5e4g7 {"projectId":"clinicflow-5e4g7","projectNumber":"850332513266","displayName":"Equidade App","name":"projects/clinicflow-5e4g7","resources":{"hostingSite":"clinicflow-5e4g7"},"state":"ACTIVE","etag":"1_da49bb58-2d45-478f-841e-e1746aae230f"}
[info] i  Using project clinicflow-5e4g7 (Equidade App) 
[info] 
=== Hosting Setup
[debug] [2025-07-15T00:09:38.252Z] Checked if tokens are valid: true, expires at: 1752541776968
[debug] [2025-07-15T00:09:38.252Z] Checked if tokens are valid: true, expires at: 1752541776968
[debug] [2025-07-15T00:09:38.252Z] >>> [apiv2][query] GET https://firebase.googleapis.com/v1beta1/projects/clinicflow-5e4g7 [none]
[debug] [2025-07-15T00:09:38.475Z] <<< [apiv2][status] GET https://firebase.googleapis.com/v1beta1/projects/clinicflow-5e4g7 200
[debug] [2025-07-15T00:09:38.475Z] <<< [apiv2][body] GET https://firebase.googleapis.com/v1beta1/projects/clinicflow-5e4g7 {"projectId":"clinicflow-5e4g7","projectNumber":"850332513266","displayName":"Equidade App","name":"projects/clinicflow-5e4g7","resources":{"hostingSite":"clinicflow-5e4g7"},"state":"ACTIVE","etag":"1_da49bb58-2d45-478f-841e-e1746aae230f"}
